<?xml version="1.0" encoding="UTF-8"?>
<testsuite xmlns:xsi="http://www.w3.org/2001/XMLSchema-instance" xsi:noNamespaceSchemaLocation="https://maven.apache.org/surefire/maven-surefire-plugin/xsd/surefire-test-report-3.0.xsd" version="3.0" name="TestSuite" time="2.326" tests="1" errors="0" skipped="0" failures="0">
  <properties>
    <property name="java.specification.version" value="23"/>
    <property name="sun.jnu.encoding" value="UTF-8"/>
    <property name="java.class.path" value="/Users/solvd/.m2/repository/org/apache/maven/surefire/surefire-shared-utils/3.1.0/surefire-shared-utils-3.1.0.jar:/Users/solvd/.m2/repository/org/apache/maven/surefire/surefire-extensions-spi/3.1.0/surefire-extensions-spi-3.1.0.jar:/Users/solvd/.m2/repository/org/apache/maven/surefire/surefire-api/3.1.0/surefire-api-3.1.0.jar:/Users/solvd/.m2/repository/org/apache/maven/surefire/surefire-logger-api/3.1.0/surefire-logger-api-3.1.0.jar:/Users/solvd/.m2/repository/org/apache/maven/surefire/surefire-booter/3.1.0/surefire-booter-3.1.0.jar:/Users/solvd/lperez/target/test-classes:/Users/solvd/lperez/target/classes:/Users/solvd/.m2/repository/com/zebrunner/carina-core/1.1.3/carina-core-1.1.3.jar:/Users/solvd/.m2/repository/com/zebrunner/carina-webdriver/1.1.5/carina-webdriver-1.1.5.jar:/Users/solvd/.m2/repository/com/zebrunner/agent-testng-pluggable/1.9.6/agent-testng-pluggable-1.9.6.jar:/Users/solvd/.m2/repository/com/zebrunner/agent-core/1.9.6/agent-core-1.9.6.jar:/Users/solvd/.m2/repository/org/yaml/snakeyaml/1.30/snakeyaml-1.30.jar:/Users/solvd/.m2/repository/com/konghq/unirest-java/3.13.10/unirest-java-3.13.10.jar:/Users/solvd/.m2/repository/org/apache/httpcomponents/httpcore-nio/4.4.13/httpcore-nio-4.4.13.jar:/Users/solvd/.m2/repository/org/apache/httpcomponents/httpasyncclient/4.1.5/httpasyncclient-4.1.5.jar:/Users/solvd/.m2/repository/org/seleniumhq/selenium/selenium-support/4.7.0/selenium-support-4.7.0.jar:/Users/solvd/.m2/repository/com/google/auto/service/auto-service-annotations/1.0.1/auto-service-annotations-1.0.1.jar:/Users/solvd/.m2/repository/com/google/auto/service/auto-service/1.0.1/auto-service-1.0.1.jar:/Users/solvd/.m2/repository/com/google/auto/auto-common/1.2/auto-common-1.2.jar:/Users/solvd/.m2/repository/org/seleniumhq/selenium/selenium-json/4.7.0/selenium-json-4.7.0.jar:/Users/solvd/.m2/repository/org/seleniumhq/selenium/selenium-api/4.7.0/selenium-api-4.7.0.jar:/Users/solvd/.m2/repository/org/seleniumhq/selenium/selenium-remote-driver/4.7.0/selenium-remote-driver-4.7.0.jar:/Users/solvd/.m2/repository/io/netty/netty-buffer/4.1.84.Final/netty-buffer-4.1.84.Final.jar:/Users/solvd/.m2/repository/io/netty/netty-codec-http/4.1.84.Final/netty-codec-http-4.1.84.Final.jar:/Users/solvd/.m2/repository/io/netty/netty-common/4.1.84.Final/netty-common-4.1.84.Final.jar:/Users/solvd/.m2/repository/io/netty/netty-transport-classes-epoll/4.1.84.Final/netty-transport-classes-epoll-4.1.84.Final.jar:/Users/solvd/.m2/repository/io/netty/netty-transport-classes-kqueue/4.1.84.Final/netty-transport-classes-kqueue-4.1.84.Final.jar:/Users/solvd/.m2/repository/io/netty/netty-transport-native-epoll/4.1.84.Final/netty-transport-native-epoll-4.1.84.Final.jar:/Users/solvd/.m2/repository/io/netty/netty-transport-native-kqueue/4.1.84.Final/netty-transport-native-kqueue-4.1.84.Final.jar:/Users/solvd/.m2/repository/io/netty/netty-transport-native-unix-common/4.1.84.Final/netty-transport-native-unix-common-4.1.84.Final.jar:/Users/solvd/.m2/repository/io/netty/netty-transport/4.1.84.Final/netty-transport-4.1.84.Final.jar:/Users/solvd/.m2/repository/io/netty/netty-resolver/4.1.84.Final/netty-resolver-4.1.84.Final.jar:/Users/solvd/.m2/repository/io/opentelemetry/opentelemetry-api/1.19.0/opentelemetry-api-1.19.0.jar:/Users/solvd/.m2/repository/io/opentelemetry/opentelemetry-context/1.19.0/opentelemetry-context-1.19.0.jar:/Users/solvd/.m2/repository/io/opentelemetry/opentelemetry-exporter-logging/1.19.0/opentelemetry-exporter-logging-1.19.0.jar:/Users/solvd/.m2/repository/io/opentelemetry/opentelemetry-sdk-metrics/1.19.0/opentelemetry-sdk-metrics-1.19.0.jar:/Users/solvd/.m2/repository/io/opentelemetry/opentelemetry-sdk-logs/1.19.0-alpha/opentelemetry-sdk-logs-1.19.0-alpha.jar:/Users/solvd/.m2/repository/io/opentelemetry/opentelemetry-api-logs/1.19.0-alpha/opentelemetry-api-logs-1.19.0-alpha.jar:/Users/solvd/.m2/repository/io/opentelemetry/opentelemetry-sdk-common/1.19.0/opentelemetry-sdk-common-1.19.0.jar:/Users/solvd/.m2/repository/io/opentelemetry/opentelemetry-sdk-extension-autoconfigure-spi/1.19.0/opentelemetry-sdk-extension-autoconfigure-spi-1.19.0.jar:/Users/solvd/.m2/repository/io/opentelemetry/opentelemetry-sdk-extension-autoconfigure/1.19.0-alpha/opentelemetry-sdk-extension-autoconfigure-1.19.0-alpha.jar:/Users/solvd/.m2/repository/io/opentelemetry/opentelemetry-exporter-common/1.19.0/opentelemetry-exporter-common-1.19.0.jar:/Users/solvd/.m2/repository/io/opentelemetry/opentelemetry-sdk-trace/1.19.0/opentelemetry-sdk-trace-1.19.0.jar:/Users/solvd/.m2/repository/io/opentelemetry/opentelemetry-sdk/1.19.0/opentelemetry-sdk-1.19.0.jar:/Users/solvd/.m2/repository/io/opentelemetry/opentelemetry-semconv/1.19.0-alpha/opentelemetry-semconv-1.19.0-alpha.jar:/Users/solvd/.m2/repository/io/ous/jtoml/2.0.0/jtoml-2.0.0.jar:/Users/solvd/.m2/repository/org/apache/commons/commons-exec/1.3/commons-exec-1.3.jar:/Users/solvd/.m2/repository/org/asynchttpclient/async-http-client/2.12.3/async-http-client-2.12.3.jar:/Users/solvd/.m2/repository/org/asynchttpclient/async-http-client-netty-utils/2.12.3/async-http-client-netty-utils-2.12.3.jar:/Users/solvd/.m2/repository/io/netty/netty-codec-socks/4.1.60.Final/netty-codec-socks-4.1.60.Final.jar:/Users/solvd/.m2/repository/org/reactivestreams/reactive-streams/1.0.3/reactive-streams-1.0.3.jar:/Users/solvd/.m2/repository/com/typesafe/netty/netty-reactive-streams/2.0.4/netty-reactive-streams-2.0.4.jar:/Users/solvd/.m2/repository/com/sun/activation/jakarta.activation/1.2.2/jakarta.activation-1.2.2.jar:/Users/solvd/.m2/repository/org/seleniumhq/selenium/selenium-http/4.7.0/selenium-http-4.7.0.jar:/Users/solvd/.m2/repository/dev/failsafe/failsafe/3.3.0/failsafe-3.3.0.jar:/Users/solvd/.m2/repository/org/seleniumhq/selenium/selenium-manager/4.7.0/selenium-manager-4.7.0.jar:/Users/solvd/.m2/repository/org/seleniumhq/selenium/selenium-firefox-driver/4.7.0/selenium-firefox-driver-4.7.0.jar:/Users/solvd/.m2/repository/org/seleniumhq/selenium/selenium-devtools-v85/4.7.0/selenium-devtools-v85-4.7.0.jar:/Users/solvd/.m2/repository/org/seleniumhq/selenium/selenium-chrome-driver/4.7.0/selenium-chrome-driver-4.7.0.jar:/Users/solvd/.m2/repository/org/seleniumhq/selenium/selenium-chromium-driver/4.7.0/selenium-chromium-driver-4.7.0.jar:/Users/solvd/.m2/repository/org/seleniumhq/selenium/selenium-edge-driver/4.7.0/selenium-edge-driver-4.7.0.jar:/Users/solvd/.m2/repository/io/appium/java-client/8.3.0/java-client-8.3.0.jar:/Users/solvd/.m2/repository/cglib/cglib/3.3.0/cglib-3.3.0.jar:/Users/solvd/.m2/repository/org/ow2/asm/asm/7.1/asm-7.1.jar:/Users/solvd/.m2/repository/com/github/kklisura/cdt/cdt-java-client/4.0.0/cdt-java-client-4.0.0.jar:/Users/solvd/.m2/repository/javax/websocket/javax.websocket-api/1.1/javax.websocket-api-1.1.jar:/Users/solvd/.m2/repository/org/glassfish/tyrus/tyrus-container-grizzly-client/1.13.1/tyrus-container-grizzly-client-1.13.1.jar:/Users/solvd/.m2/repository/org/glassfish/grizzly/grizzly-framework/2.3.25/grizzly-framework-2.3.25.jar:/Users/solvd/.m2/repository/org/glassfish/grizzly/grizzly-http-server/2.3.25/grizzly-http-server-2.3.25.jar:/Users/solvd/.m2/repository/org/glassfish/grizzly/grizzly-http/2.3.25/grizzly-http-2.3.25.jar:/Users/solvd/.m2/repository/org/glassfish/tyrus/tyrus-client/1.13.1/tyrus-client-1.13.1.jar:/Users/solvd/.m2/repository/org/glassfish/tyrus/tyrus-core/1.13.1/tyrus-core-1.13.1.jar:/Users/solvd/.m2/repository/org/glassfish/tyrus/tyrus-spi/1.13.1/tyrus-spi-1.13.1.jar:/Users/solvd/.m2/repository/org/apache/pdfbox/pdfbox/2.0.28/pdfbox-2.0.28.jar:/Users/solvd/.m2/repository/org/apache/pdfbox/fontbox/2.0.28/fontbox-2.0.28.jar:/Users/solvd/.m2/repository/ru/yandex/qatools/ashot/ashot/1.5.4/ashot-1.5.4.jar:/Users/solvd/.m2/repository/joda-time/joda-time/2.9.9/joda-time-2.9.9.jar:/Users/solvd/.m2/repository/com/itextpdf/itextpdf/5.5.13.3/itextpdf-5.5.13.3.jar:/Users/solvd/.m2/repository/org/reflections/reflections/0.10.2/reflections-0.10.2.jar:/Users/solvd/.m2/repository/com/sun/jersey/jersey-core/1.19.4/jersey-core-1.19.4.jar:/Users/solvd/.m2/repository/javax/ws/rs/jsr311-api/1.1.1/jsr311-api-1.1.1.jar:/Users/solvd/.m2/repository/commons-collections/commons-collections/3.2.2/commons-collections-3.2.2.jar:/Users/solvd/.m2/repository/org/hamcrest/hamcrest-core/1.3/hamcrest-core-1.3.jar:/Users/solvd/.m2/repository/org/hamcrest/hamcrest-all/1.3/hamcrest-all-1.3.jar:/Users/solvd/.m2/repository/org/apache/logging/log4j/log4j-slf4j-impl/2.17.1/log4j-slf4j-impl-2.17.1.jar:/Users/solvd/.m2/repository/com/nordstrom/tools/testng-foundation/2.0.1/testng-foundation-2.0.1.jar:/Users/solvd/.m2/repository/com/nordstrom/tools/java-utils/1.9.3/java-utils-1.9.3.jar:/Users/solvd/.m2/repository/com/nordstrom/tools/settings/2.3.3/settings-2.3.3.jar:/Users/solvd/.m2/repository/commons-beanutils/commons-beanutils/1.9.4/commons-beanutils-1.9.4.jar:/Users/solvd/.m2/repository/com/zebrunner/carina-dataprovider/1.1.3/carina-dataprovider-1.1.3.jar:/Users/solvd/.m2/repository/com/zebrunner/carina-utils/1.1.5/carina-utils-1.1.5.jar:/Users/solvd/.m2/repository/com/zebrunner/carina-crypto/1.0.1/carina-crypto-1.0.1.jar:/Users/solvd/.m2/repository/commons-cli/commons-cli/1.5.0/commons-cli-1.5.0.jar:/Users/solvd/.m2/repository/org/apache/commons/commons-lang3/3.12.0/commons-lang3-3.12.0.jar:/Users/solvd/.m2/repository/com/sun/jna/jna/3.0.9/jna-3.0.9.jar:/Users/solvd/.m2/repository/org/mongodb/mongo-java-driver/2.11.3/mongo-java-driver-2.11.3.jar:/Users/solvd/.m2/repository/commons-net/commons-net/3.9.0/commons-net-3.9.0.jar:/Users/solvd/.m2/repository/org/imgscalr/imgscalr-lib/4.2/imgscalr-lib-4.2.jar:/Users/solvd/.m2/repository/net/sf/opencsv/opencsv/1.7/opencsv-1.7.jar:/Users/solvd/.m2/repository/org/apache/poi/poi-ooxml/4.1.2/poi-ooxml-4.1.2.jar:/Users/solvd/.m2/repository/org/apache/poi/poi/4.1.2/poi-4.1.2.jar:/Users/solvd/.m2/repository/org/apache/commons/commons-collections4/4.4/commons-collections4-4.4.jar:/Users/solvd/.m2/repository/org/apache/commons/commons-math3/3.6.1/commons-math3-3.6.1.jar:/Users/solvd/.m2/repository/com/zaxxer/SparseBitSet/1.2/SparseBitSet-1.2.jar:/Users/solvd/.m2/repository/org/apache/poi/poi-ooxml-schemas/4.1.2/poi-ooxml-schemas-4.1.2.jar:/Users/solvd/.m2/repository/org/apache/xmlbeans/xmlbeans/3.1.0/xmlbeans-3.1.0.jar:/Users/solvd/.m2/repository/org/apache/commons/commons-compress/1.19/commons-compress-1.19.jar:/Users/solvd/.m2/repository/com/github/virtuald/curvesapi/1.06/curvesapi-1.06.jar:/Users/solvd/.m2/repository/org/testng/testng/7.7.1/testng-7.7.1.jar:/Users/solvd/.m2/repository/com/beust/jcommander/1.82/jcommander-1.82.jar:/Users/solvd/.m2/repository/org/webjars/jquery/3.6.1/jquery-3.6.1.jar:/Users/solvd/.m2/repository/com/zebrunner/carina-api/1.1.3/carina-api-1.1.3.jar:/Users/solvd/.m2/repository/org/apache/httpcomponents/httpclient/4.5.13/httpclient-4.5.13.jar:/Users/solvd/.m2/repository/org/apache/httpcomponents/httpcore/4.4.13/httpcore-4.4.13.jar:/Users/solvd/.m2/repository/commons-logging/commons-logging/1.2/commons-logging-1.2.jar:/Users/solvd/.m2/repository/commons-codec/commons-codec/1.11/commons-codec-1.11.jar:/Users/solvd/.m2/repository/commons-io/commons-io/2.7/commons-io-2.7.jar:/Users/solvd/.m2/repository/io/rest-assured/rest-assured/4.3.0/rest-assured-4.3.0.jar:/Users/solvd/.m2/repository/org/codehaus/groovy/groovy/3.0.2/groovy-3.0.2.jar:/Users/solvd/.m2/repository/org/codehaus/groovy/groovy-xml/3.0.2/groovy-xml-3.0.2.jar:/Users/solvd/.m2/repository/org/apache/httpcomponents/httpmime/4.5.3/httpmime-4.5.3.jar:/Users/solvd/.m2/repository/org/hamcrest/hamcrest/2.1/hamcrest-2.1.jar:/Users/solvd/.m2/repository/org/ccil/cowan/tagsoup/tagsoup/1.2.1/tagsoup-1.2.1.jar:/Users/solvd/.m2/repository/io/rest-assured/xml-path/4.3.0/xml-path-4.3.0.jar:/Users/solvd/.m2/repository/jakarta/xml/bind/jakarta.xml.bind-api/2.3.2/jakarta.xml.bind-api-2.3.2.jar:/Users/solvd/.m2/repository/jakarta/activation/jakarta.activation-api/1.2.1/jakarta.activation-api-1.2.1.jar:/Users/solvd/.m2/repository/com/sun/xml/bind/jaxb-osgi/2.3.0.1/jaxb-osgi-2.3.0.1.jar:/Users/solvd/.m2/repository/org/apache/sling/org.apache.sling.javax.activation/0.1.0/org.apache.sling.javax.activation-0.1.0.jar:/Users/solvd/.m2/repository/io/rest-assured/json-path/4.3.0/json-path-4.3.0.jar:/Users/solvd/.m2/repository/org/codehaus/groovy/groovy-json/3.0.2/groovy-json-3.0.2.jar:/Users/solvd/.m2/repository/io/rest-assured/rest-assured-common/4.3.0/rest-assured-common-4.3.0.jar:/Users/solvd/.m2/repository/com/google/code/gson/gson/2.9.0/gson-2.9.0.jar:/Users/solvd/.m2/repository/javax/xml/bind/jaxb-api/2.2.2/jaxb-api-2.2.2.jar:/Users/solvd/.m2/repository/javax/xml/stream/stax-api/1.0-2/stax-api-1.0-2.jar:/Users/solvd/.m2/repository/javax/activation/activation/1.1/activation-1.1.jar:/Users/solvd/.m2/repository/com/fasterxml/jackson/core/jackson-core/2.14.1/jackson-core-2.14.1.jar:/Users/solvd/.m2/repository/com/fasterxml/jackson/core/jackson-databind/2.14.1/jackson-databind-2.14.1.jar:/Users/solvd/.m2/repository/com/fasterxml/jackson/core/jackson-annotations/2.14.1/jackson-annotations-2.14.1.jar:/Users/solvd/.m2/repository/org/apache/commons/commons-configuration2/2.8.0/commons-configuration2-2.8.0.jar:/Users/solvd/.m2/repository/org/apache/commons/commons-text/1.10.0/commons-text-1.10.0.jar:/Users/solvd/.m2/repository/org/freemarker/freemarker/2.3.31/freemarker-2.3.31.jar:/Users/solvd/.m2/repository/org/skyscreamer/jsonassert/1.5.0/jsonassert-1.5.0.jar:/Users/solvd/.m2/repository/ognl/ognl/3.3.2/ognl-3.3.2.jar:/Users/solvd/.m2/repository/org/javassist/javassist/3.28.0-GA/javassist-3.28.0-GA.jar:/Users/solvd/.m2/repository/org/xmlunit/xmlunit-assertj3/2.8.2/xmlunit-assertj3-2.8.2.jar:/Users/solvd/.m2/repository/org/xmlunit/xmlunit-core/2.8.2/xmlunit-core-2.8.2.jar:/Users/solvd/.m2/repository/org/assertj/assertj-core/3.18.1/assertj-core-3.18.1.jar:/Users/solvd/.m2/repository/io/rest-assured/json-schema-validator/4.3.0/json-schema-validator-4.3.0.jar:/Users/solvd/.m2/repository/com/github/java-json-tools/json-schema-validator/2.2.10/json-schema-validator-2.2.10.jar:/Users/solvd/.m2/repository/com/github/java-json-tools/json-schema-core/1.2.10/json-schema-core-1.2.10.jar:/Users/solvd/.m2/repository/com/github/java-json-tools/jackson-coreutils/1.9/jackson-coreutils-1.9.jar:/Users/solvd/.m2/repository/com/github/fge/msg-simple/1.1/msg-simple-1.1.jar:/Users/solvd/.m2/repository/com/github/fge/btf/1.2/btf-1.2.jar:/Users/solvd/.m2/repository/com/github/fge/uri-template/0.9/uri-template-0.9.jar:/Users/solvd/.m2/repository/org/mozilla/rhino/1.7.7.1/rhino-1.7.7.1.jar:/Users/solvd/.m2/repository/javax/mail/mailapi/1.4.3/mailapi-1.4.3.jar:/Users/solvd/.m2/repository/com/googlecode/libphonenumber/libphonenumber/8.0.0/libphonenumber-8.0.0.jar:/Users/solvd/.m2/repository/net/sf/jopt-simple/jopt-simple/5.0.3/jopt-simple-5.0.3.jar:/Users/solvd/.m2/repository/org/everit/json/org.everit.json.schema/1.5.1/org.everit.json.schema-1.5.1.jar:/Users/solvd/.m2/repository/commons-validator/commons-validator/1.5.1/commons-validator-1.5.1.jar:/Users/solvd/.m2/repository/commons-digester/commons-digester/1.8.1/commons-digester-1.8.1.jar:/Users/solvd/.m2/repository/org/json/json/20160810/json-20160810.jar:/Users/solvd/.m2/repository/com/jayway/jsonpath/json-path/2.5.0/json-path-2.5.0.jar:/Users/solvd/.m2/repository/net/minidev/json-smart/2.3/json-smart-2.3.jar:/Users/solvd/.m2/repository/net/minidev/accessors-smart/1.2/accessors-smart-1.2.jar:/Users/solvd/.m2/repository/com/zebrunner/carina-aws-s3/1.1.4/carina-aws-s3-1.1.4.jar:/Users/solvd/.m2/repository/com/zebrunner/carina-commons/1.0.2/carina-commons-1.0.2.jar:/Users/solvd/.m2/repository/com/amazonaws/aws-java-sdk-s3/1.12.429/aws-java-sdk-s3-1.12.429.jar:/Users/solvd/.m2/repository/com/amazonaws/aws-java-sdk-core/1.12.429/aws-java-sdk-core-1.12.429.jar:/Users/solvd/.m2/repository/software/amazon/ion/ion-java/1.0.2/ion-java-1.0.2.jar:/Users/solvd/.m2/repository/com/fasterxml/jackson/dataformat/jackson-dataformat-cbor/2.12.6/jackson-dataformat-cbor-2.12.6.jar:/Users/solvd/.m2/repository/com/zebrunner/carina-azure/1.1.4/carina-azure-1.1.4.jar:/Users/solvd/.m2/repository/com/azure/azure-storage-blob/12.21.1/azure-storage-blob-12.21.1.jar:/Users/solvd/.m2/repository/com/azure/azure-core/1.37.0/azure-core-1.37.0.jar:/Users/solvd/.m2/repository/com/fasterxml/jackson/datatype/jackson-datatype-jsr310/2.13.5/jackson-datatype-jsr310-2.13.5.jar:/Users/solvd/.m2/repository/io/projectreactor/reactor-core/3.4.27/reactor-core-3.4.27.jar:/Users/solvd/.m2/repository/com/azure/azure-core-http-netty/1.13.1/azure-core-http-netty-1.13.1.jar:/Users/solvd/.m2/repository/io/netty/netty-handler/4.1.89.Final/netty-handler-4.1.89.Final.jar:/Users/solvd/.m2/repository/io/netty/netty-handler-proxy/4.1.89.Final/netty-handler-proxy-4.1.89.Final.jar:/Users/solvd/.m2/repository/io/netty/netty-codec/4.1.89.Final/netty-codec-4.1.89.Final.jar:/Users/solvd/.m2/repository/io/netty/netty-codec-http2/4.1.89.Final/netty-codec-http2-4.1.89.Final.jar:/Users/solvd/.m2/repository/io/netty/netty-transport-native-epoll/4.1.89.Final/netty-transport-native-epoll-4.1.89.Final-linux-x86_64.jar:/Users/solvd/.m2/repository/io/netty/netty-transport-native-kqueue/4.1.89.Final/netty-transport-native-kqueue-4.1.89.Final-osx-x86_64.jar:/Users/solvd/.m2/repository/io/netty/netty-tcnative-boringssl-static/2.0.56.Final/netty-tcnative-boringssl-static-2.0.56.Final.jar:/Users/solvd/.m2/repository/io/netty/netty-tcnative-classes/2.0.56.Final/netty-tcnative-classes-2.0.56.Final.jar:/Users/solvd/.m2/repository/io/netty/netty-tcnative-boringssl-static/2.0.56.Final/netty-tcnative-boringssl-static-2.0.56.Final-linux-x86_64.jar:/Users/solvd/.m2/repository/io/netty/netty-tcnative-boringssl-static/2.0.56.Final/netty-tcnative-boringssl-static-2.0.56.Final-linux-aarch_64.jar:/Users/solvd/.m2/repository/io/netty/netty-tcnative-boringssl-static/2.0.56.Final/netty-tcnative-boringssl-static-2.0.56.Final-osx-x86_64.jar:/Users/solvd/.m2/repository/io/netty/netty-tcnative-boringssl-static/2.0.56.Final/netty-tcnative-boringssl-static-2.0.56.Final-osx-aarch_64.jar:/Users/solvd/.m2/repository/io/netty/netty-tcnative-boringssl-static/2.0.56.Final/netty-tcnative-boringssl-static-2.0.56.Final-windows-x86_64.jar:/Users/solvd/.m2/repository/io/projectreactor/netty/reactor-netty-http/1.0.28/reactor-netty-http-1.0.28.jar:/Users/solvd/.m2/repository/io/netty/netty-resolver-dns/4.1.89.Final/netty-resolver-dns-4.1.89.Final.jar:/Users/solvd/.m2/repository/io/netty/netty-codec-dns/4.1.89.Final/netty-codec-dns-4.1.89.Final.jar:/Users/solvd/.m2/repository/io/netty/netty-resolver-dns-native-macos/4.1.89.Final/netty-resolver-dns-native-macos-4.1.89.Final-osx-x86_64.jar:/Users/solvd/.m2/repository/io/netty/netty-resolver-dns-classes-macos/4.1.89.Final/netty-resolver-dns-classes-macos-4.1.89.Final.jar:/Users/solvd/.m2/repository/io/projectreactor/netty/reactor-netty-core/1.0.28/reactor-netty-core-1.0.28.jar:/Users/solvd/.m2/repository/com/azure/azure-storage-common/12.20.1/azure-storage-common-12.20.1.jar:/Users/solvd/.m2/repository/com/azure/azure-storage-internal-avro/12.6.1/azure-storage-internal-avro-12.6.1.jar:/Users/solvd/.m2/repository/com/fasterxml/jackson/dataformat/jackson-dataformat-xml/2.13.5/jackson-dataformat-xml-2.13.5.jar:/Users/solvd/.m2/repository/org/codehaus/woodstox/stax2-api/4.2.1/stax2-api-4.2.1.jar:/Users/solvd/.m2/repository/com/fasterxml/woodstox/woodstox-core/6.4.0/woodstox-core-6.4.0.jar:/Users/solvd/.m2/repository/com/zebrunner/carina-appcenter/1.1.4/carina-appcenter-1.1.4.jar:/Users/solvd/.m2/repository/org/springframework/spring-web/5.3.19/spring-web-5.3.19.jar:/Users/solvd/.m2/repository/org/springframework/spring-beans/5.3.19/spring-beans-5.3.19.jar:/Users/solvd/.m2/repository/org/springframework/spring-core/5.3.19/spring-core-5.3.19.jar:/Users/solvd/.m2/repository/org/springframework/spring-jcl/5.3.19/spring-jcl-5.3.19.jar:/Users/solvd/.m2/repository/com/google/guava/guava/31.1-jre/guava-31.1-jre.jar:/Users/solvd/.m2/repository/com/google/guava/failureaccess/1.0.1/failureaccess-1.0.1.jar:/Users/solvd/.m2/repository/com/google/guava/listenablefuture/9999.0-empty-to-avoid-conflict-with-guava/listenablefuture-9999.0-empty-to-avoid-conflict-with-guava.jar:/Users/solvd/.m2/repository/com/google/code/findbugs/jsr305/3.0.2/jsr305-3.0.2.jar:/Users/solvd/.m2/repository/com/google/errorprone/error_prone_annotations/2.11.0/error_prone_annotations-2.11.0.jar:/Users/solvd/.m2/repository/com/google/j2objc/j2objc-annotations/1.3/j2objc-annotations-1.3.jar:/Users/solvd/.m2/repository/org/slf4j/slf4j-api/1.7.30/slf4j-api-1.7.30.jar:/Users/solvd/.m2/repository/org/apache/logging/log4j/log4j-api/2.17.1/log4j-api-2.17.1.jar:/Users/solvd/.m2/repository/org/apache/logging/log4j/log4j-core/2.17.1/log4j-core-2.17.1.jar:/Users/solvd/.m2/repository/net/bytebuddy/byte-buddy/1.12.18/byte-buddy-1.12.18.jar:/Users/solvd/.m2/repository/org/mybatis/mybatis/3.5.6/mybatis-3.5.6.jar:/Users/solvd/.m2/repository/org/postgresql/postgresql/42.5.3/postgresql-42.5.3.jar:/Users/solvd/.m2/repository/org/checkerframework/checker-qual/3.5.0/checker-qual-3.5.0.jar:/Users/solvd/.m2/repository/org/apache/maven/surefire/surefire-testng/3.1.0/surefire-testng-3.1.0.jar:/Users/solvd/.m2/repository/org/apache/maven/surefire/common-java5/3.1.0/common-java5-3.1.0.jar:/Users/solvd/.m2/repository/org/apache/maven/surefire/surefire-grouper/3.1.0/surefire-grouper-3.1.0.jar:/Users/solvd/.m2/repository/org/apache/maven/surefire/surefire-testng-utils/3.1.0/surefire-testng-utils-3.1.0.jar"/>
    <property name="java.vm.vendor" value="Oracle Corporation"/>
    <property name="sun.arch.data.model" value="64"/>
    <property name="java.vendor.url" value="https://java.oracle.com/"/>
    <property name="user.timezone" value="America/Argentina/Buenos_Aires"/>
    <property name="os.name" value="Mac OS X"/>
    <property name="java.vm.specification.version" value="23"/>
    <property name="reporting.enabled" value="false"/>
    <property name="sun.java.launcher" value="SUN_STANDARD"/>
    <property name="user.country" value="AR"/>
    <property name="sun.boot.library.path" value="/Library/Java/JavaVirtualMachines/jdk-23.jdk/Contents/Home/lib"/>
    <property name="sun.java.command" value="org.apache.maven.surefire.booter.ForkedBooter /Users/solvd/lperez/target/surefire 2024-12-26T16-52-25_600-jvmRun1 surefire-20241226165225664_1tmp surefire_0-20241226165225664_2tmp"/>
    <property name="http.nonProxyHosts" value="local|*.local|169.254/16|*.169.254/16"/>
    <property name="jdk.debug" value="release"/>
    <property name="surefire.test.class.path" value="/Users/solvd/lperez/target/test-classes:/Users/solvd/lperez/target/classes:/Users/solvd/.m2/repository/com/zebrunner/carina-core/1.1.3/carina-core-1.1.3.jar:/Users/solvd/.m2/repository/com/zebrunner/carina-webdriver/1.1.5/carina-webdriver-1.1.5.jar:/Users/solvd/.m2/repository/com/zebrunner/agent-testng-pluggable/1.9.6/agent-testng-pluggable-1.9.6.jar:/Users/solvd/.m2/repository/com/zebrunner/agent-core/1.9.6/agent-core-1.9.6.jar:/Users/solvd/.m2/repository/org/yaml/snakeyaml/1.30/snakeyaml-1.30.jar:/Users/solvd/.m2/repository/com/konghq/unirest-java/3.13.10/unirest-java-3.13.10.jar:/Users/solvd/.m2/repository/org/apache/httpcomponents/httpcore-nio/4.4.13/httpcore-nio-4.4.13.jar:/Users/solvd/.m2/repository/org/apache/httpcomponents/httpasyncclient/4.1.5/httpasyncclient-4.1.5.jar:/Users/solvd/.m2/repository/org/seleniumhq/selenium/selenium-support/4.7.0/selenium-support-4.7.0.jar:/Users/solvd/.m2/repository/com/google/auto/service/auto-service-annotations/1.0.1/auto-service-annotations-1.0.1.jar:/Users/solvd/.m2/repository/com/google/auto/service/auto-service/1.0.1/auto-service-1.0.1.jar:/Users/solvd/.m2/repository/com/google/auto/auto-common/1.2/auto-common-1.2.jar:/Users/solvd/.m2/repository/org/seleniumhq/selenium/selenium-json/4.7.0/selenium-json-4.7.0.jar:/Users/solvd/.m2/repository/org/seleniumhq/selenium/selenium-api/4.7.0/selenium-api-4.7.0.jar:/Users/solvd/.m2/repository/org/seleniumhq/selenium/selenium-remote-driver/4.7.0/selenium-remote-driver-4.7.0.jar:/Users/solvd/.m2/repository/io/netty/netty-buffer/4.1.84.Final/netty-buffer-4.1.84.Final.jar:/Users/solvd/.m2/repository/io/netty/netty-codec-http/4.1.84.Final/netty-codec-http-4.1.84.Final.jar:/Users/solvd/.m2/repository/io/netty/netty-common/4.1.84.Final/netty-common-4.1.84.Final.jar:/Users/solvd/.m2/repository/io/netty/netty-transport-classes-epoll/4.1.84.Final/netty-transport-classes-epoll-4.1.84.Final.jar:/Users/solvd/.m2/repository/io/netty/netty-transport-classes-kqueue/4.1.84.Final/netty-transport-classes-kqueue-4.1.84.Final.jar:/Users/solvd/.m2/repository/io/netty/netty-transport-native-epoll/4.1.84.Final/netty-transport-native-epoll-4.1.84.Final.jar:/Users/solvd/.m2/repository/io/netty/netty-transport-native-kqueue/4.1.84.Final/netty-transport-native-kqueue-4.1.84.Final.jar:/Users/solvd/.m2/repository/io/netty/netty-transport-native-unix-common/4.1.84.Final/netty-transport-native-unix-common-4.1.84.Final.jar:/Users/solvd/.m2/repository/io/netty/netty-transport/4.1.84.Final/netty-transport-4.1.84.Final.jar:/Users/solvd/.m2/repository/io/netty/netty-resolver/4.1.84.Final/netty-resolver-4.1.84.Final.jar:/Users/solvd/.m2/repository/io/opentelemetry/opentelemetry-api/1.19.0/opentelemetry-api-1.19.0.jar:/Users/solvd/.m2/repository/io/opentelemetry/opentelemetry-context/1.19.0/opentelemetry-context-1.19.0.jar:/Users/solvd/.m2/repository/io/opentelemetry/opentelemetry-exporter-logging/1.19.0/opentelemetry-exporter-logging-1.19.0.jar:/Users/solvd/.m2/repository/io/opentelemetry/opentelemetry-sdk-metrics/1.19.0/opentelemetry-sdk-metrics-1.19.0.jar:/Users/solvd/.m2/repository/io/opentelemetry/opentelemetry-sdk-logs/1.19.0-alpha/opentelemetry-sdk-logs-1.19.0-alpha.jar:/Users/solvd/.m2/repository/io/opentelemetry/opentelemetry-api-logs/1.19.0-alpha/opentelemetry-api-logs-1.19.0-alpha.jar:/Users/solvd/.m2/repository/io/opentelemetry/opentelemetry-sdk-common/1.19.0/opentelemetry-sdk-common-1.19.0.jar:/Users/solvd/.m2/repository/io/opentelemetry/opentelemetry-sdk-extension-autoconfigure-spi/1.19.0/opentelemetry-sdk-extension-autoconfigure-spi-1.19.0.jar:/Users/solvd/.m2/repository/io/opentelemetry/opentelemetry-sdk-extension-autoconfigure/1.19.0-alpha/opentelemetry-sdk-extension-autoconfigure-1.19.0-alpha.jar:/Users/solvd/.m2/repository/io/opentelemetry/opentelemetry-exporter-common/1.19.0/opentelemetry-exporter-common-1.19.0.jar:/Users/solvd/.m2/repository/io/opentelemetry/opentelemetry-sdk-trace/1.19.0/opentelemetry-sdk-trace-1.19.0.jar:/Users/solvd/.m2/repository/io/opentelemetry/opentelemetry-sdk/1.19.0/opentelemetry-sdk-1.19.0.jar:/Users/solvd/.m2/repository/io/opentelemetry/opentelemetry-semconv/1.19.0-alpha/opentelemetry-semconv-1.19.0-alpha.jar:/Users/solvd/.m2/repository/io/ous/jtoml/2.0.0/jtoml-2.0.0.jar:/Users/solvd/.m2/repository/org/apache/commons/commons-exec/1.3/commons-exec-1.3.jar:/Users/solvd/.m2/repository/org/asynchttpclient/async-http-client/2.12.3/async-http-client-2.12.3.jar:/Users/solvd/.m2/repository/org/asynchttpclient/async-http-client-netty-utils/2.12.3/async-http-client-netty-utils-2.12.3.jar:/Users/solvd/.m2/repository/io/netty/netty-codec-socks/4.1.60.Final/netty-codec-socks-4.1.60.Final.jar:/Users/solvd/.m2/repository/org/reactivestreams/reactive-streams/1.0.3/reactive-streams-1.0.3.jar:/Users/solvd/.m2/repository/com/typesafe/netty/netty-reactive-streams/2.0.4/netty-reactive-streams-2.0.4.jar:/Users/solvd/.m2/repository/com/sun/activation/jakarta.activation/1.2.2/jakarta.activation-1.2.2.jar:/Users/solvd/.m2/repository/org/seleniumhq/selenium/selenium-http/4.7.0/selenium-http-4.7.0.jar:/Users/solvd/.m2/repository/dev/failsafe/failsafe/3.3.0/failsafe-3.3.0.jar:/Users/solvd/.m2/repository/org/seleniumhq/selenium/selenium-manager/4.7.0/selenium-manager-4.7.0.jar:/Users/solvd/.m2/repository/org/seleniumhq/selenium/selenium-firefox-driver/4.7.0/selenium-firefox-driver-4.7.0.jar:/Users/solvd/.m2/repository/org/seleniumhq/selenium/selenium-devtools-v85/4.7.0/selenium-devtools-v85-4.7.0.jar:/Users/solvd/.m2/repository/org/seleniumhq/selenium/selenium-chrome-driver/4.7.0/selenium-chrome-driver-4.7.0.jar:/Users/solvd/.m2/repository/org/seleniumhq/selenium/selenium-chromium-driver/4.7.0/selenium-chromium-driver-4.7.0.jar:/Users/solvd/.m2/repository/org/seleniumhq/selenium/selenium-edge-driver/4.7.0/selenium-edge-driver-4.7.0.jar:/Users/solvd/.m2/repository/io/appium/java-client/8.3.0/java-client-8.3.0.jar:/Users/solvd/.m2/repository/cglib/cglib/3.3.0/cglib-3.3.0.jar:/Users/solvd/.m2/repository/org/ow2/asm/asm/7.1/asm-7.1.jar:/Users/solvd/.m2/repository/com/github/kklisura/cdt/cdt-java-client/4.0.0/cdt-java-client-4.0.0.jar:/Users/solvd/.m2/repository/javax/websocket/javax.websocket-api/1.1/javax.websocket-api-1.1.jar:/Users/solvd/.m2/repository/org/glassfish/tyrus/tyrus-container-grizzly-client/1.13.1/tyrus-container-grizzly-client-1.13.1.jar:/Users/solvd/.m2/repository/org/glassfish/grizzly/grizzly-framework/2.3.25/grizzly-framework-2.3.25.jar:/Users/solvd/.m2/repository/org/glassfish/grizzly/grizzly-http-server/2.3.25/grizzly-http-server-2.3.25.jar:/Users/solvd/.m2/repository/org/glassfish/grizzly/grizzly-http/2.3.25/grizzly-http-2.3.25.jar:/Users/solvd/.m2/repository/org/glassfish/tyrus/tyrus-client/1.13.1/tyrus-client-1.13.1.jar:/Users/solvd/.m2/repository/org/glassfish/tyrus/tyrus-core/1.13.1/tyrus-core-1.13.1.jar:/Users/solvd/.m2/repository/org/glassfish/tyrus/tyrus-spi/1.13.1/tyrus-spi-1.13.1.jar:/Users/solvd/.m2/repository/org/apache/pdfbox/pdfbox/2.0.28/pdfbox-2.0.28.jar:/Users/solvd/.m2/repository/org/apache/pdfbox/fontbox/2.0.28/fontbox-2.0.28.jar:/Users/solvd/.m2/repository/ru/yandex/qatools/ashot/ashot/1.5.4/ashot-1.5.4.jar:/Users/solvd/.m2/repository/joda-time/joda-time/2.9.9/joda-time-2.9.9.jar:/Users/solvd/.m2/repository/com/itextpdf/itextpdf/5.5.13.3/itextpdf-5.5.13.3.jar:/Users/solvd/.m2/repository/org/reflections/reflections/0.10.2/reflections-0.10.2.jar:/Users/solvd/.m2/repository/com/sun/jersey/jersey-core/1.19.4/jersey-core-1.19.4.jar:/Users/solvd/.m2/repository/javax/ws/rs/jsr311-api/1.1.1/jsr311-api-1.1.1.jar:/Users/solvd/.m2/repository/commons-collections/commons-collections/3.2.2/commons-collections-3.2.2.jar:/Users/solvd/.m2/repository/org/hamcrest/hamcrest-core/1.3/hamcrest-core-1.3.jar:/Users/solvd/.m2/repository/org/hamcrest/hamcrest-all/1.3/hamcrest-all-1.3.jar:/Users/solvd/.m2/repository/org/apache/logging/log4j/log4j-slf4j-impl/2.17.1/log4j-slf4j-impl-2.17.1.jar:/Users/solvd/.m2/repository/com/nordstrom/tools/testng-foundation/2.0.1/testng-foundation-2.0.1.jar:/Users/solvd/.m2/repository/com/nordstrom/tools/java-utils/1.9.3/java-utils-1.9.3.jar:/Users/solvd/.m2/repository/com/nordstrom/tools/settings/2.3.3/settings-2.3.3.jar:/Users/solvd/.m2/repository/commons-beanutils/commons-beanutils/1.9.4/commons-beanutils-1.9.4.jar:/Users/solvd/.m2/repository/com/zebrunner/carina-dataprovider/1.1.3/carina-dataprovider-1.1.3.jar:/Users/solvd/.m2/repository/com/zebrunner/carina-utils/1.1.5/carina-utils-1.1.5.jar:/Users/solvd/.m2/repository/com/zebrunner/carina-crypto/1.0.1/carina-crypto-1.0.1.jar:/Users/solvd/.m2/repository/commons-cli/commons-cli/1.5.0/commons-cli-1.5.0.jar:/Users/solvd/.m2/repository/org/apache/commons/commons-lang3/3.12.0/commons-lang3-3.12.0.jar:/Users/solvd/.m2/repository/com/sun/jna/jna/3.0.9/jna-3.0.9.jar:/Users/solvd/.m2/repository/org/mongodb/mongo-java-driver/2.11.3/mongo-java-driver-2.11.3.jar:/Users/solvd/.m2/repository/commons-net/commons-net/3.9.0/commons-net-3.9.0.jar:/Users/solvd/.m2/repository/org/imgscalr/imgscalr-lib/4.2/imgscalr-lib-4.2.jar:/Users/solvd/.m2/repository/net/sf/opencsv/opencsv/1.7/opencsv-1.7.jar:/Users/solvd/.m2/repository/org/apache/poi/poi-ooxml/4.1.2/poi-ooxml-4.1.2.jar:/Users/solvd/.m2/repository/org/apache/poi/poi/4.1.2/poi-4.1.2.jar:/Users/solvd/.m2/repository/org/apache/commons/commons-collections4/4.4/commons-collections4-4.4.jar:/Users/solvd/.m2/repository/org/apache/commons/commons-math3/3.6.1/commons-math3-3.6.1.jar:/Users/solvd/.m2/repository/com/zaxxer/SparseBitSet/1.2/SparseBitSet-1.2.jar:/Users/solvd/.m2/repository/org/apache/poi/poi-ooxml-schemas/4.1.2/poi-ooxml-schemas-4.1.2.jar:/Users/solvd/.m2/repository/org/apache/xmlbeans/xmlbeans/3.1.0/xmlbeans-3.1.0.jar:/Users/solvd/.m2/repository/org/apache/commons/commons-compress/1.19/commons-compress-1.19.jar:/Users/solvd/.m2/repository/com/github/virtuald/curvesapi/1.06/curvesapi-1.06.jar:/Users/solvd/.m2/repository/org/testng/testng/7.7.1/testng-7.7.1.jar:/Users/solvd/.m2/repository/com/beust/jcommander/1.82/jcommander-1.82.jar:/Users/solvd/.m2/repository/org/webjars/jquery/3.6.1/jquery-3.6.1.jar:/Users/solvd/.m2/repository/com/zebrunner/carina-api/1.1.3/carina-api-1.1.3.jar:/Users/solvd/.m2/repository/org/apache/httpcomponents/httpclient/4.5.13/httpclient-4.5.13.jar:/Users/solvd/.m2/repository/org/apache/httpcomponents/httpcore/4.4.13/httpcore-4.4.13.jar:/Users/solvd/.m2/repository/commons-logging/commons-logging/1.2/commons-logging-1.2.jar:/Users/solvd/.m2/repository/commons-codec/commons-codec/1.11/commons-codec-1.11.jar:/Users/solvd/.m2/repository/commons-io/commons-io/2.7/commons-io-2.7.jar:/Users/solvd/.m2/repository/io/rest-assured/rest-assured/4.3.0/rest-assured-4.3.0.jar:/Users/solvd/.m2/repository/org/codehaus/groovy/groovy/3.0.2/groovy-3.0.2.jar:/Users/solvd/.m2/repository/org/codehaus/groovy/groovy-xml/3.0.2/groovy-xml-3.0.2.jar:/Users/solvd/.m2/repository/org/apache/httpcomponents/httpmime/4.5.3/httpmime-4.5.3.jar:/Users/solvd/.m2/repository/org/hamcrest/hamcrest/2.1/hamcrest-2.1.jar:/Users/solvd/.m2/repository/org/ccil/cowan/tagsoup/tagsoup/1.2.1/tagsoup-1.2.1.jar:/Users/solvd/.m2/repository/io/rest-assured/xml-path/4.3.0/xml-path-4.3.0.jar:/Users/solvd/.m2/repository/jakarta/xml/bind/jakarta.xml.bind-api/2.3.2/jakarta.xml.bind-api-2.3.2.jar:/Users/solvd/.m2/repository/jakarta/activation/jakarta.activation-api/1.2.1/jakarta.activation-api-1.2.1.jar:/Users/solvd/.m2/repository/com/sun/xml/bind/jaxb-osgi/2.3.0.1/jaxb-osgi-2.3.0.1.jar:/Users/solvd/.m2/repository/org/apache/sling/org.apache.sling.javax.activation/0.1.0/org.apache.sling.javax.activation-0.1.0.jar:/Users/solvd/.m2/repository/io/rest-assured/json-path/4.3.0/json-path-4.3.0.jar:/Users/solvd/.m2/repository/org/codehaus/groovy/groovy-json/3.0.2/groovy-json-3.0.2.jar:/Users/solvd/.m2/repository/io/rest-assured/rest-assured-common/4.3.0/rest-assured-common-4.3.0.jar:/Users/solvd/.m2/repository/com/google/code/gson/gson/2.9.0/gson-2.9.0.jar:/Users/solvd/.m2/repository/javax/xml/bind/jaxb-api/2.2.2/jaxb-api-2.2.2.jar:/Users/solvd/.m2/repository/javax/xml/stream/stax-api/1.0-2/stax-api-1.0-2.jar:/Users/solvd/.m2/repository/javax/activation/activation/1.1/activation-1.1.jar:/Users/solvd/.m2/repository/com/fasterxml/jackson/core/jackson-core/2.14.1/jackson-core-2.14.1.jar:/Users/solvd/.m2/repository/com/fasterxml/jackson/core/jackson-databind/2.14.1/jackson-databind-2.14.1.jar:/Users/solvd/.m2/repository/com/fasterxml/jackson/core/jackson-annotations/2.14.1/jackson-annotations-2.14.1.jar:/Users/solvd/.m2/repository/org/apache/commons/commons-configuration2/2.8.0/commons-configuration2-2.8.0.jar:/Users/solvd/.m2/repository/org/apache/commons/commons-text/1.10.0/commons-text-1.10.0.jar:/Users/solvd/.m2/repository/org/freemarker/freemarker/2.3.31/freemarker-2.3.31.jar:/Users/solvd/.m2/repository/org/skyscreamer/jsonassert/1.5.0/jsonassert-1.5.0.jar:/Users/solvd/.m2/repository/ognl/ognl/3.3.2/ognl-3.3.2.jar:/Users/solvd/.m2/repository/org/javassist/javassist/3.28.0-GA/javassist-3.28.0-GA.jar:/Users/solvd/.m2/repository/org/xmlunit/xmlunit-assertj3/2.8.2/xmlunit-assertj3-2.8.2.jar:/Users/solvd/.m2/repository/org/xmlunit/xmlunit-core/2.8.2/xmlunit-core-2.8.2.jar:/Users/solvd/.m2/repository/org/assertj/assertj-core/3.18.1/assertj-core-3.18.1.jar:/Users/solvd/.m2/repository/io/rest-assured/json-schema-validator/4.3.0/json-schema-validator-4.3.0.jar:/Users/solvd/.m2/repository/com/github/java-json-tools/json-schema-validator/2.2.10/json-schema-validator-2.2.10.jar:/Users/solvd/.m2/repository/com/github/java-json-tools/json-schema-core/1.2.10/json-schema-core-1.2.10.jar:/Users/solvd/.m2/repository/com/github/java-json-tools/jackson-coreutils/1.9/jackson-coreutils-1.9.jar:/Users/solvd/.m2/repository/com/github/fge/msg-simple/1.1/msg-simple-1.1.jar:/Users/solvd/.m2/repository/com/github/fge/btf/1.2/btf-1.2.jar:/Users/solvd/.m2/repository/com/github/fge/uri-template/0.9/uri-template-0.9.jar:/Users/solvd/.m2/repository/org/mozilla/rhino/1.7.7.1/rhino-1.7.7.1.jar:/Users/solvd/.m2/repository/javax/mail/mailapi/1.4.3/mailapi-1.4.3.jar:/Users/solvd/.m2/repository/com/googlecode/libphonenumber/libphonenumber/8.0.0/libphonenumber-8.0.0.jar:/Users/solvd/.m2/repository/net/sf/jopt-simple/jopt-simple/5.0.3/jopt-simple-5.0.3.jar:/Users/solvd/.m2/repository/org/everit/json/org.everit.json.schema/1.5.1/org.everit.json.schema-1.5.1.jar:/Users/solvd/.m2/repository/commons-validator/commons-validator/1.5.1/commons-validator-1.5.1.jar:/Users/solvd/.m2/repository/commons-digester/commons-digester/1.8.1/commons-digester-1.8.1.jar:/Users/solvd/.m2/repository/org/json/json/20160810/json-20160810.jar:/Users/solvd/.m2/repository/com/jayway/jsonpath/json-path/2.5.0/json-path-2.5.0.jar:/Users/solvd/.m2/repository/net/minidev/json-smart/2.3/json-smart-2.3.jar:/Users/solvd/.m2/repository/net/minidev/accessors-smart/1.2/accessors-smart-1.2.jar:/Users/solvd/.m2/repository/com/zebrunner/carina-aws-s3/1.1.4/carina-aws-s3-1.1.4.jar:/Users/solvd/.m2/repository/com/zebrunner/carina-commons/1.0.2/carina-commons-1.0.2.jar:/Users/solvd/.m2/repository/com/amazonaws/aws-java-sdk-s3/1.12.429/aws-java-sdk-s3-1.12.429.jar:/Users/solvd/.m2/repository/com/amazonaws/aws-java-sdk-core/1.12.429/aws-java-sdk-core-1.12.429.jar:/Users/solvd/.m2/repository/software/amazon/ion/ion-java/1.0.2/ion-java-1.0.2.jar:/Users/solvd/.m2/repository/com/fasterxml/jackson/dataformat/jackson-dataformat-cbor/2.12.6/jackson-dataformat-cbor-2.12.6.jar:/Users/solvd/.m2/repository/com/zebrunner/carina-azure/1.1.4/carina-azure-1.1.4.jar:/Users/solvd/.m2/repository/com/azure/azure-storage-blob/12.21.1/azure-storage-blob-12.21.1.jar:/Users/solvd/.m2/repository/com/azure/azure-core/1.37.0/azure-core-1.37.0.jar:/Users/solvd/.m2/repository/com/fasterxml/jackson/datatype/jackson-datatype-jsr310/2.13.5/jackson-datatype-jsr310-2.13.5.jar:/Users/solvd/.m2/repository/io/projectreactor/reactor-core/3.4.27/reactor-core-3.4.27.jar:/Users/solvd/.m2/repository/com/azure/azure-core-http-netty/1.13.1/azure-core-http-netty-1.13.1.jar:/Users/solvd/.m2/repository/io/netty/netty-handler/4.1.89.Final/netty-handler-4.1.89.Final.jar:/Users/solvd/.m2/repository/io/netty/netty-handler-proxy/4.1.89.Final/netty-handler-proxy-4.1.89.Final.jar:/Users/solvd/.m2/repository/io/netty/netty-codec/4.1.89.Final/netty-codec-4.1.89.Final.jar:/Users/solvd/.m2/repository/io/netty/netty-codec-http2/4.1.89.Final/netty-codec-http2-4.1.89.Final.jar:/Users/solvd/.m2/repository/io/netty/netty-transport-native-epoll/4.1.89.Final/netty-transport-native-epoll-4.1.89.Final-linux-x86_64.jar:/Users/solvd/.m2/repository/io/netty/netty-transport-native-kqueue/4.1.89.Final/netty-transport-native-kqueue-4.1.89.Final-osx-x86_64.jar:/Users/solvd/.m2/repository/io/netty/netty-tcnative-boringssl-static/2.0.56.Final/netty-tcnative-boringssl-static-2.0.56.Final.jar:/Users/solvd/.m2/repository/io/netty/netty-tcnative-classes/2.0.56.Final/netty-tcnative-classes-2.0.56.Final.jar:/Users/solvd/.m2/repository/io/netty/netty-tcnative-boringssl-static/2.0.56.Final/netty-tcnative-boringssl-static-2.0.56.Final-linux-x86_64.jar:/Users/solvd/.m2/repository/io/netty/netty-tcnative-boringssl-static/2.0.56.Final/netty-tcnative-boringssl-static-2.0.56.Final-linux-aarch_64.jar:/Users/solvd/.m2/repository/io/netty/netty-tcnative-boringssl-static/2.0.56.Final/netty-tcnative-boringssl-static-2.0.56.Final-osx-x86_64.jar:/Users/solvd/.m2/repository/io/netty/netty-tcnative-boringssl-static/2.0.56.Final/netty-tcnative-boringssl-static-2.0.56.Final-osx-aarch_64.jar:/Users/solvd/.m2/repository/io/netty/netty-tcnative-boringssl-static/2.0.56.Final/netty-tcnative-boringssl-static-2.0.56.Final-windows-x86_64.jar:/Users/solvd/.m2/repository/io/projectreactor/netty/reactor-netty-http/1.0.28/reactor-netty-http-1.0.28.jar:/Users/solvd/.m2/repository/io/netty/netty-resolver-dns/4.1.89.Final/netty-resolver-dns-4.1.89.Final.jar:/Users/solvd/.m2/repository/io/netty/netty-codec-dns/4.1.89.Final/netty-codec-dns-4.1.89.Final.jar:/Users/solvd/.m2/repository/io/netty/netty-resolver-dns-native-macos/4.1.89.Final/netty-resolver-dns-native-macos-4.1.89.Final-osx-x86_64.jar:/Users/solvd/.m2/repository/io/netty/netty-resolver-dns-classes-macos/4.1.89.Final/netty-resolver-dns-classes-macos-4.1.89.Final.jar:/Users/solvd/.m2/repository/io/projectreactor/netty/reactor-netty-core/1.0.28/reactor-netty-core-1.0.28.jar:/Users/solvd/.m2/repository/com/azure/azure-storage-common/12.20.1/azure-storage-common-12.20.1.jar:/Users/solvd/.m2/repository/com/azure/azure-storage-internal-avro/12.6.1/azure-storage-internal-avro-12.6.1.jar:/Users/solvd/.m2/repository/com/fasterxml/jackson/dataformat/jackson-dataformat-xml/2.13.5/jackson-dataformat-xml-2.13.5.jar:/Users/solvd/.m2/repository/org/codehaus/woodstox/stax2-api/4.2.1/stax2-api-4.2.1.jar:/Users/solvd/.m2/repository/com/fasterxml/woodstox/woodstox-core/6.4.0/woodstox-core-6.4.0.jar:/Users/solvd/.m2/repository/com/zebrunner/carina-appcenter/1.1.4/carina-appcenter-1.1.4.jar:/Users/solvd/.m2/repository/org/springframework/spring-web/5.3.19/spring-web-5.3.19.jar:/Users/solvd/.m2/repository/org/springframework/spring-beans/5.3.19/spring-beans-5.3.19.jar:/Users/solvd/.m2/repository/org/springframework/spring-core/5.3.19/spring-core-5.3.19.jar:/Users/solvd/.m2/repository/org/springframework/spring-jcl/5.3.19/spring-jcl-5.3.19.jar:/Users/solvd/.m2/repository/com/google/guava/guava/31.1-jre/guava-31.1-jre.jar:/Users/solvd/.m2/repository/com/google/guava/failureaccess/1.0.1/failureaccess-1.0.1.jar:/Users/solvd/.m2/repository/com/google/guava/listenablefuture/9999.0-empty-to-avoid-conflict-with-guava/listenablefuture-9999.0-empty-to-avoid-conflict-with-guava.jar:/Users/solvd/.m2/repository/com/google/code/findbugs/jsr305/3.0.2/jsr305-3.0.2.jar:/Users/solvd/.m2/repository/com/google/errorprone/error_prone_annotations/2.11.0/error_prone_annotations-2.11.0.jar:/Users/solvd/.m2/repository/com/google/j2objc/j2objc-annotations/1.3/j2objc-annotations-1.3.jar:/Users/solvd/.m2/repository/org/slf4j/slf4j-api/1.7.30/slf4j-api-1.7.30.jar:/Users/solvd/.m2/repository/org/apache/logging/log4j/log4j-api/2.17.1/log4j-api-2.17.1.jar:/Users/solvd/.m2/repository/org/apache/logging/log4j/log4j-core/2.17.1/log4j-core-2.17.1.jar:/Users/solvd/.m2/repository/net/bytebuddy/byte-buddy/1.12.18/byte-buddy-1.12.18.jar:/Users/solvd/.m2/repository/org/mybatis/mybatis/3.5.6/mybatis-3.5.6.jar:/Users/solvd/.m2/repository/org/postgresql/postgresql/42.5.3/postgresql-42.5.3.jar:/Users/solvd/.m2/repository/org/checkerframework/checker-qual/3.5.0/checker-qual-3.5.0.jar:"/>
    <property name="sun.cpu.endian" value="little"/>
    <property name="user.home" value="/Users/solvd"/>
    <property name="user.language" value="en"/>
    <property name="java.specification.vendor" value="Oracle Corporation"/>
    <property name="java.version.date" value="2024-10-15"/>
    <property name="java.home" value="/Library/Java/JavaVirtualMachines/jdk-23.jdk/Contents/Home"/>
    <property name="file.separator" value="/"/>
    <property name="basedir" value="/Users/solvd/lperez"/>
    <property name="java.vm.compressedOopsMode" value="Zero based"/>
    <property name="line.separator" value="&#10;"/>
    <property name="java.vm.specification.vendor" value="Oracle Corporation"/>
    <property name="java.specification.name" value="Java Platform API Specification"/>
    <property name="reporting.server.hostname" value=""/>
    <property name="apple.awt.application.name" value="ForkedBooter"/>
    <property name="sun.management.compiler" value="HotSpot 64-Bit Tiered Compilers"/>
    <property name="ftp.nonProxyHosts" value="local|*.local|169.254/16|*.169.254/16"/>
    <property name="java.runtime.version" value="23.0.1+11-39"/>
    <property name="user.name" value="solvd"/>
    <property name="reporting.projectKey" value="DEF"/>
    <property name="stdout.encoding" value="UTF-8"/>
    <property name="path.separator" value=":"/>
    <property name="os.version" value="14.3.1"/>
    <property name="java.runtime.name" value="Java(TM) SE Runtime Environment"/>
    <property name="file.encoding" value="UTF-8"/>
    <property name="java.vm.name" value="Java HotSpot(TM) 64-Bit Server VM"/>
    <property name="reporting.server.accessToken" value=""/>
    <property name="localRepository" value="/Users/solvd/.m2/repository"/>
    <property name="java.vendor.url.bug" value="https://bugreport.java.com/bugreport/"/>
    <property name="java.io.tmpdir" value="/var/folders/x3/jmmydktx19b5347473tt96f40000gn/T/"/>
    <property name="java.version" value="23.0.1"/>
    <property name="user.dir" value="/Users/solvd/lperez"/>
    <property name="os.arch" value="x86_64"/>
    <property name="java.vm.specification.name" value="Java Virtual Machine Specification"/>
    <property name="native.encoding" value="UTF-8"/>
    <property name="java.library.path" value="/Users/solvd/Library/Java/Extensions:/Library/Java/Extensions:/Network/Library/Java/Extensions:/System/Library/Java/Extensions:/usr/lib/java:."/>
    <property name="java.vm.info" value="mixed mode, sharing"/>
    <property name="stderr.encoding" value="UTF-8"/>
    <property name="java.vendor" value="Oracle Corporation"/>
    <property name="java.vm.version" value="23.0.1+11-39"/>
    <property name="sun.io.unicode.encoding" value="UnicodeBig"/>
    <property name="socksNonProxyHosts" value="local|*.local|169.254/16|*.169.254/16"/>
    <property name="java.class.version" value="67.0"/>
    <property name="reporting.run.environment" value=""/>
  </properties>
  <testcase name="helloWorld" classname="com.solvd.carina.demo.HelloWorld" time="0.062">
    <system-out><![CDATA[2024-12-26 16:52:32 CarinaListener [main] [INFO] 
============= Basic configuration =============
env=DEMO
=========== Encryptor configuration ===========
crypto_key_value=*****
=========== WebDriver configuration ===========
url=https://magento.softwaretestingboard.com
selenium_url=http://localhost:4444/wd/hub
auto_screenshot=true
localization_encoding=UTF-8
language=en_US
-------------- Driver capabilities ------------
browserName=chrome
===============================================

2024-12-26 16:52:32 TestRunRegistrar [main-1] [WARN] Reporting disabled: using no op test run registrar
2024-12-26 16:52:33 CarinaListener [main-1] [INFO] Set thread-count=1
2024-12-26 16:52:33 CarinaListener [main-1] [INFO] Set data-provider-thread-count=1
2024-12-26 16:52:33 CarinaListener [main-1] [INFO] CARINA_CORE_VERSION: 1.1.3
2024-12-26 16:52:33 TestRunRegistrar [TestNG-test=Hello World test-1] [WARN] Reporting disabled: using no op test run registrar
2024-12-26 16:52:33 Messager [TestNG-test=Hello World test-1-64] [INFO] TEST [Hello World test - helloWorld] STARTED at [16:52:33 2024-12-26]
2024-12-26 16:52:33 HelloWorld [TestNG-test=Hello World test-1-64] [INFO] Hello World!
2024-12-26 16:52:33 Messager [TestNG-test=Hello World test-1-64] [INFO] TEST [Hello World test - helloWorld] PASSED at [16:52:33 2024-12-26]
]]></system-out>
  </testcase>
</testsuite>