<?xml version="1.0" encoding="UTF-8"?>
<!-- Generated by org.testng.reporters.JUnitReportReporter -->
<testsuite hostname="solvds-MacBook-Pro.local" failures="0" tests="1" name="com.solvd.carina.demo.HelloWorld" time="0.023" errors="0" timestamp="2024-12-26T16:52:34 GMT-03:00" skipped="0">
  <testcase classname="com.solvd.carina.demo.HelloWorld" name="helloWorld" time="0.023"/>
  <system-out/>
</testsuite> <!-- com.solvd.carina.demo.HelloWorld -->
